<?xml version="1.0" encoding="UTF-8"?>
<testng-results ignored="1" total="16" passed="13" failed="2" skipped="0">
  <reporter-output>
    <line>
      <![CDATA[Test is Passed..launchRediff]]>
    </line>
    <line>
      <![CDATA[Test is Failed..loginRediff]]>
    </line>
    <line>
      <![CDATA[Test is Passed..closeRediff]]>
    </line>
    <line>
      <![CDATA[Test is Passed..readFrmWebTable]]>
    </line>
    <line>
      <![CDATA[Test is Passed..dispData]]>
    </line>
    <line>
      <![CDATA[Test is Passed..dispData]]>
    </line>
    <line>
      <![CDATA[Test is Passed..dispData]]>
    </line>
    <line>
      <![CDATA[Test is Passed..loginYahoo]]>
    </line>
    <line>
      <![CDATA[Test is Passed..loginYahoo]]>
    </line>
    <line>
      <![CDATA[Test is Passed..loginYahoo]]>
    </line>
    <line>
      <![CDATA[Test is Passed..loginYahoo]]>
    </line>
    <line>
      <![CDATA[Test is Passed..readFrmTxtFile]]>
    </line>
    <line>
      <![CDATA[Test is Passed..readFrmTable]]>
    </line>
    <line>
      <![CDATA[Test is Passed..readFrmTxtFile]]>
    </line>
    <line>
      <![CDATA[Test is Failed..compareData]]>
    </line>
  </reporter-output>
  <suite started-at="2023-12-21T09:54:23 IST" name="Suite" finished-at="2023-12-21T09:55:18 IST" duration-ms="55673">
    <groups>
    </groups>
    <test started-at="2023-12-21T09:54:23 IST" name="Test" finished-at="2023-12-21T09:55:18 IST" duration-ms="55673">
      <class name="testNGLearning.ReadFrmWebTbl">
        <test-method signature="readFrmWebTable()[pri:0, instance:testNGLearning.ReadFrmWebTbl@3d680b5a]" started-at="2023-12-21T09:54:46 IST" name="readFrmWebTable" finished-at="2023-12-21T09:55:07 IST" duration-ms="20361" status="PASS">
          <reporter-output>
            <line>
              <![CDATA[Test is Passed..readFrmWebTable]]>
            </line>
          </reporter-output>
        </test-method> <!-- readFrmWebTable -->
      </class> <!-- testNGLearning.ReadFrmWebTbl -->
      <class name="testNGLearning.DP_Exp">
        <test-method signature="dispData(java.lang.String,java.lang.String)[pri:0, instance:testNGLearning.DP_Exp@4b5d6a01]" started-at="2023-12-21T09:55:07 IST" name="dispData" data-provider="data" finished-at="2023-12-21T09:55:07 IST" duration-ms="1" status="PASS">
          <params>
            <param index="0">
              <value>
                <![CDATA[tani]]>
              </value>
            </param>
            <param index="1">
              <value>
                <![CDATA[tani111]]>
              </value>
            </param>
          </params>
          <reporter-output>
            <line>
              <![CDATA[Test is Passed..dispData]]>
            </line>
          </reporter-output>
        </test-method> <!-- dispData -->
        <test-method signature="dispData(java.lang.String,java.lang.String)[pri:0, instance:testNGLearning.DP_Exp@4b5d6a01]" started-at="2023-12-21T09:55:07 IST" name="dispData" data-provider="data" finished-at="2023-12-21T09:55:07 IST" duration-ms="2" status="PASS">
          <params>
            <param index="0">
              <value>
                <![CDATA[riya]]>
              </value>
            </param>
            <param index="1">
              <value>
                <![CDATA[riya111]]>
              </value>
            </param>
          </params>
          <reporter-output>
            <line>
              <![CDATA[Test is Passed..dispData]]>
            </line>
          </reporter-output>
        </test-method> <!-- dispData -->
        <test-method signature="dispData(java.lang.String,java.lang.String)[pri:0, instance:testNGLearning.DP_Exp@4b5d6a01]" started-at="2023-12-21T09:55:07 IST" name="dispData" data-provider="data" finished-at="2023-12-21T09:55:07 IST" duration-ms="4" status="PASS">
          <params>
            <param index="0">
              <value>
                <![CDATA[pooja]]>
              </value>
            </param>
            <param index="1">
              <value>
                <![CDATA[pooja111]]>
              </value>
            </param>
          </params>
          <reporter-output>
            <line>
              <![CDATA[Test is Passed..dispData]]>
            </line>
          </reporter-output>
        </test-method> <!-- dispData -->
      </class> <!-- testNGLearning.DP_Exp -->
      <class name="testNGLearning.ThruExcel">
        <test-method signature="loginYahoo(java.lang.String,java.lang.String)[pri:0, instance:testNGLearning.ThruExcel@4a22f9e2]" started-at="2023-12-21T09:55:08 IST" name="loginYahoo" data-provider="data" finished-at="2023-12-21T09:55:08 IST" duration-ms="2" status="PASS">
          <params>
            <param index="0">
              <value>
                <![CDATA[jack]]>
              </value>
            </param>
            <param index="1">
              <value>
                <![CDATA[jack123]]>
              </value>
            </param>
          </params>
          <reporter-output>
            <line>
              <![CDATA[Test is Passed..loginYahoo]]>
            </line>
          </reporter-output>
        </test-method> <!-- loginYahoo -->
        <test-method signature="loginYahoo(java.lang.String,java.lang.String)[pri:0, instance:testNGLearning.ThruExcel@4a22f9e2]" started-at="2023-12-21T09:55:08 IST" name="loginYahoo" data-provider="data" finished-at="2023-12-21T09:55:08 IST" duration-ms="1" status="PASS">
          <params>
            <param index="0">
              <value>
                <![CDATA[diya]]>
              </value>
            </param>
            <param index="1">
              <value>
                <![CDATA[diya123]]>
              </value>
            </param>
          </params>
          <reporter-output>
            <line>
              <![CDATA[Test is Passed..loginYahoo]]>
            </line>
          </reporter-output>
        </test-method> <!-- loginYahoo -->
        <test-method signature="loginYahoo(java.lang.String,java.lang.String)[pri:0, instance:testNGLearning.ThruExcel@4a22f9e2]" started-at="2023-12-21T09:55:08 IST" name="loginYahoo" data-provider="data" finished-at="2023-12-21T09:55:08 IST" duration-ms="1" status="PASS">
          <params>
            <param index="0">
              <value>
                <![CDATA[pooja]]>
              </value>
            </param>
            <param index="1">
              <value>
                <![CDATA[pooja123]]>
              </value>
            </param>
          </params>
          <reporter-output>
            <line>
              <![CDATA[Test is Passed..loginYahoo]]>
            </line>
          </reporter-output>
        </test-method> <!-- loginYahoo -->
        <test-method signature="loginYahoo(java.lang.String,java.lang.String)[pri:0, instance:testNGLearning.ThruExcel@4a22f9e2]" started-at="2023-12-21T09:55:08 IST" name="loginYahoo" data-provider="data" finished-at="2023-12-21T09:55:08 IST" duration-ms="1" status="PASS">
          <params>
            <param index="0">
              <value>
                <![CDATA[riya]]>
              </value>
            </param>
            <param index="1">
              <value>
                <![CDATA[riya123]]>
              </value>
            </param>
          </params>
          <reporter-output>
            <line>
              <![CDATA[Test is Passed..loginYahoo]]>
            </line>
          </reporter-output>
        </test-method> <!-- loginYahoo -->
      </class> <!-- testNGLearning.ThruExcel -->
      <class name="testNGLearning.ThruTextFile">
        <test-method signature="readFrmTxtFile()[pri:0, instance:testNGLearning.ThruTextFile@61230f6a]" started-at="2023-12-21T09:55:08 IST" name="readFrmTxtFile" finished-at="2023-12-21T09:55:08 IST" duration-ms="14" status="PASS">
          <reporter-output>
            <line>
              <![CDATA[Test is Passed..readFrmTxtFile]]>
            </line>
          </reporter-output>
        </test-method> <!-- readFrmTxtFile -->
      </class> <!-- testNGLearning.ThruTextFile -->
      <class name="testNGLearning.Yahoo">
        <test-method signature="launchRediff()[pri:1, instance:testNGLearning.Yahoo@47d90b9e]" started-at="2023-12-21T09:54:23 IST" name="launchRediff" description="Launch" finished-at="2023-12-21T09:54:46 IST" duration-ms="23004" status="PASS">
          <reporter-output>
            <line>
              <![CDATA[Test is Passed..launchRediff]]>
            </line>
          </reporter-output>
        </test-method> <!-- launchRediff -->
        <test-method signature="loginRediff()[pri:2, instance:testNGLearning.Yahoo@47d90b9e]" started-at="2023-12-21T09:54:46 IST" name="loginRediff" description="Login-Soft Assert" finished-at="2023-12-21T09:54:46 IST" duration-ms="25" status="FAIL">
          <exception class="java.lang.AssertionError">
            <message>
              <![CDATA[The following asserts failed:
expected [Yahoo123] but found [Yahoo]]]>
            </message>
            <full-stacktrace>
              <![CDATA[java.lang.AssertionError: The following asserts failed:
expected [Yahoo123] but found [Yahoo]
at org.testng.asserts.SoftAssert.assertAll(SoftAssert.java:47)
at org.testng.asserts.SoftAssert.assertAll(SoftAssert.java:31)
at testNGLearning.Yahoo.loginRediff(Yahoo.java:38)
at java.base/jdk.internal.reflect.NativeMethodAccessorImpl.invoke0(Native Method)
at java.base/jdk.internal.reflect.NativeMethodAccessorImpl.invoke(NativeMethodAccessorImpl.java:77)
at java.base/jdk.internal.reflect.DelegatingMethodAccessorImpl.invoke(DelegatingMethodAccessorImpl.java:43)
at java.base/java.lang.reflect.Method.invoke(Method.java:568)
at org.testng.internal.MethodInvocationHelper.invokeMethod(MethodInvocationHelper.java:133)
at org.testng.internal.TestInvoker.invokeMethod(TestInvoker.java:598)
at org.testng.internal.TestInvoker.invokeTestMethod(TestInvoker.java:173)
at org.testng.internal.MethodRunner.runInSequence(MethodRunner.java:46)
at org.testng.internal.TestInvoker$MethodInvocationAgent.invoke(TestInvoker.java:824)
at org.testng.internal.TestInvoker.invokeTestMethods(TestInvoker.java:146)
at org.testng.internal.TestMethodWorker.invokeTestMethods(TestMethodWorker.java:146)
at org.testng.internal.TestMethodWorker.run(TestMethodWorker.java:128)
at java.base/java.util.ArrayList.forEach(ArrayList.java:1511)
at org.testng.TestRunner.privateRun(TestRunner.java:794)
at org.testng.TestRunner.run(TestRunner.java:596)
at org.testng.SuiteRunner.runTest(SuiteRunner.java:377)
at org.testng.SuiteRunner.runSequentially(SuiteRunner.java:371)
at org.testng.SuiteRunner.privateRun(SuiteRunner.java:332)
at org.testng.SuiteRunner.run(SuiteRunner.java:276)
at org.testng.SuiteRunnerWorker.runSuite(SuiteRunnerWorker.java:53)
at org.testng.SuiteRunnerWorker.run(SuiteRunnerWorker.java:96)
at org.testng.TestNG.runSuitesSequentially(TestNG.java:1212)
at org.testng.TestNG.runSuitesLocally(TestNG.java:1134)
at org.testng.TestNG.runSuites(TestNG.java:1063)
at org.testng.TestNG.run(TestNG.java:1031)
at org.testng.remote.AbstractRemoteTestNG.run(AbstractRemoteTestNG.java:115)
at org.testng.remote.RemoteTestNG.initAndRun(RemoteTestNG.java:251)
at org.testng.remote.RemoteTestNG.main(RemoteTestNG.java:77)
]]>
            </full-stacktrace>
          </exception> <!-- java.lang.AssertionError -->
          <reporter-output>
            <line>
              <![CDATA[Test is Failed..loginRediff]]>
            </line>
          </reporter-output>
        </test-method> <!-- loginRediff -->
        <test-method signature="closeRediff()[pri:3, instance:testNGLearning.Yahoo@47d90b9e]" started-at="2023-12-21T09:54:46 IST" name="closeRediff" description="Close" finished-at="2023-12-21T09:54:46 IST" duration-ms="567" status="PASS">
          <reporter-output>
            <line>
              <![CDATA[Test is Passed..closeRediff]]>
            </line>
          </reporter-output>
        </test-method> <!-- closeRediff -->
      </class> <!-- testNGLearning.Yahoo -->
      <class name="testNGLearning.CompareWebTblData">
        <test-method signature="readFrmTable()[pri:1, instance:testNGLearning.CompareWebTblData@3c130745]" started-at="2023-12-21T09:55:08 IST" name="readFrmTable" finished-at="2023-12-21T09:55:18 IST" duration-ms="9811" status="PASS">
          <reporter-output>
            <line>
              <![CDATA[Test is Passed..readFrmTable]]>
            </line>
          </reporter-output>
        </test-method> <!-- readFrmTable -->
        <test-method signature="readFrmTxtFile()[pri:2, instance:testNGLearning.CompareWebTblData@3c130745]" started-at="2023-12-21T09:55:18 IST" name="readFrmTxtFile" finished-at="2023-12-21T09:55:18 IST" duration-ms="1" status="PASS">
          <reporter-output>
            <line>
              <![CDATA[Test is Passed..readFrmTxtFile]]>
            </line>
          </reporter-output>
        </test-method> <!-- readFrmTxtFile -->
        <test-method signature="compareData()[pri:3, instance:testNGLearning.CompareWebTblData@3c130745]" started-at="2023-12-21T09:55:18 IST" name="compareData" finished-at="2023-12-21T09:55:18 IST" duration-ms="3" status="FAIL">
          <exception class="java.lang.AssertionError">
            <message>
              <![CDATA[The following asserts failed:
expected [This is my First Line] but found [Alfreds Futterkiste]]]>
            </message>
            <full-stacktrace>
              <![CDATA[java.lang.AssertionError: The following asserts failed:
expected [This is my First Line] but found [Alfreds Futterkiste]
at org.testng.asserts.SoftAssert.assertAll(SoftAssert.java:47)
at org.testng.asserts.SoftAssert.assertAll(SoftAssert.java:31)
at testNGLearning.CompareWebTblData.compareData(CompareWebTblData.java:71)
at java.base/jdk.internal.reflect.NativeMethodAccessorImpl.invoke0(Native Method)
at java.base/jdk.internal.reflect.NativeMethodAccessorImpl.invoke(NativeMethodAccessorImpl.java:77)
at java.base/jdk.internal.reflect.DelegatingMethodAccessorImpl.invoke(DelegatingMethodAccessorImpl.java:43)
at java.base/java.lang.reflect.Method.invoke(Method.java:568)
at org.testng.internal.MethodInvocationHelper.invokeMethod(MethodInvocationHelper.java:133)
at org.testng.internal.TestInvoker.invokeMethod(TestInvoker.java:598)
at org.testng.internal.TestInvoker.invokeTestMethod(TestInvoker.java:173)
at org.testng.internal.MethodRunner.runInSequence(MethodRunner.java:46)
at org.testng.internal.TestInvoker$MethodInvocationAgent.invoke(TestInvoker.java:824)
at org.testng.internal.TestInvoker.invokeTestMethods(TestInvoker.java:146)
at org.testng.internal.TestMethodWorker.invokeTestMethods(TestMethodWorker.java:146)
at org.testng.internal.TestMethodWorker.run(TestMethodWorker.java:128)
at java.base/java.util.ArrayList.forEach(ArrayList.java:1511)
at org.testng.TestRunner.privateRun(TestRunner.java:794)
at org.testng.TestRunner.run(TestRunner.java:596)
at org.testng.SuiteRunner.runTest(SuiteRunner.java:377)
at org.testng.SuiteRunner.runSequentially(SuiteRunner.java:371)
at org.testng.SuiteRunner.privateRun(SuiteRunner.java:332)
at org.testng.SuiteRunner.run(SuiteRunner.java:276)
at org.testng.SuiteRunnerWorker.runSuite(SuiteRunnerWorker.java:53)
at org.testng.SuiteRunnerWorker.run(SuiteRunnerWorker.java:96)
at org.testng.TestNG.runSuitesSequentially(TestNG.java:1212)
at org.testng.TestNG.runSuitesLocally(TestNG.java:1134)
at org.testng.TestNG.runSuites(TestNG.java:1063)
at org.testng.TestNG.run(TestNG.java:1031)
at org.testng.remote.AbstractRemoteTestNG.run(AbstractRemoteTestNG.java:115)
at org.testng.remote.RemoteTestNG.initAndRun(RemoteTestNG.java:251)
at org.testng.remote.RemoteTestNG.main(RemoteTestNG.java:77)
]]>
            </full-stacktrace>
          </exception> <!-- java.lang.AssertionError -->
          <reporter-output>
            <line>
              <![CDATA[Test is Failed..compareData]]>
            </line>
          </reporter-output>
        </test-method> <!-- compareData -->
      </class> <!-- testNGLearning.CompareWebTblData -->
    </test> <!-- Test -->
  </suite> <!-- Suite -->
</testng-results>
